2023.07.04 00:25:49 INFO  Started: Metals version 0.11.12 in workspace 'G:\UCSC\Year 2\Functional Programming\Assignment\Assignment4\GIt\Functional-Programming-Assignment-04' for client Visual Studio Code 1.79.2.
Jul 04, 2023 12:25:49 AM org.flywaydb.core.internal.license.VersionPrinter printVersionOnly
INFO: Flyway Community Edition 9.16.3 by Redgate
Jul 04, 2023 12:25:49 AM org.flywaydb.core.internal.license.VersionPrinter printVersion
INFO: See release notes here: https://rd.gt/416ObMi
Jul 04, 2023 12:25:49 AM org.flywaydb.core.internal.license.VersionPrinter printVersion
INFO: 
Jul 04, 2023 12:25:49 AM org.flywaydb.core.internal.database.base.BaseDatabaseType createDatabase
INFO: Database: jdbc:h2:file:G:\UCSC\Year 2\Functional Programming\Assignment\Assignment4\GIt\Functional-Programming-Assignment-04\.metals\metals (H2 2.1)
Jul 04, 2023 12:25:49 AM org.flywaydb.core.internal.schemahistory.JdbcTableSchemaHistory allAppliedMigrations
INFO: Schema history table "PUBLIC"."flyway_schema_history" does not exist yet
Jul 04, 2023 12:25:49 AM org.flywaydb.core.internal.command.DbValidate validate
INFO: Successfully validated 4 migrations (execution time 00:00.021s)
Jul 04, 2023 12:25:49 AM org.flywaydb.core.internal.schemahistory.JdbcTableSchemaHistory create
INFO: Creating Schema History table "PUBLIC"."flyway_schema_history" ...
Jul 04, 2023 12:25:49 AM org.flywaydb.core.internal.command.DbMigrate migrateGroup
INFO: Current version of schema "PUBLIC": << Empty Schema >>
Jul 04, 2023 12:25:49 AM org.flywaydb.core.internal.command.DbMigrate doMigrateGroup
INFO: Migrating schema "PUBLIC" to version "1 - Create tables"
Jul 04, 2023 12:25:49 AM org.flywaydb.core.internal.command.DbMigrate doMigrateGroup
INFO: Migrating schema "PUBLIC" to version "2 - Server discovery"
Jul 04, 2023 12:25:49 AM org.flywaydb.core.internal.command.DbMigrate doMigrateGroup
INFO: Migrating schema "PUBLIC" to version "3 - Jar symbols"
Jul 04, 2023 12:25:49 AM org.flywaydb.core.internal.command.DbMigrate doMigrateGroup
INFO: Migrating schema "PUBLIC" to version "4 - Fingerprints"
Jul 04, 2023 12:25:49 AM org.flywaydb.core.internal.command.DbMigrate logSummary
INFO: Successfully applied 4 migrations to schema "PUBLIC", now at version v4 (execution time 00:00.044s)
2023.07.04 00:25:49 INFO  time: initialize in 0.56s
2023.07.04 00:25:50 WARN  Build server is not auto-connectable.
2023.07.04 00:25:50 WARN  no build tool detected in workspace 'G:\UCSC\Year 2\Functional Programming\Assignment\Assignment4\GIt\Functional-Programming-Assignment-04'. The most common cause for this problem is that the editor was opened in the wrong working directory, for example if you use sbt then the workspace directory should contain build.sbt. 
2023.07.04 00:25:50 WARN  no build target for: G:\UCSC\Year 2\Functional Programming\Assignment\Assignment4\GIt\Functional-Programming-Assignment-04\3.scala
2023.07.04 00:25:51 INFO  no build target found for G:\UCSC\Year 2\Functional Programming\Assignment\Assignment4\GIt\Functional-Programming-Assignment-04\3.scala. Using presentation compiler with project's scala-library version: 3.2.2
2023.07.04 00:25:53 INFO  time: code lens generation in 2.67s
Jul 04, 2023 12:25:53 AM org.eclipse.lsp4j.jsonrpc.RemoteEndpoint handleCancellation
WARNING: Unmatched cancel notification for request id 4
2023.07.04 00:25:53 WARN  no build target for: G:\UCSC\Year 2\Functional Programming\Assignment\Assignment4\GIt\Functional-Programming-Assignment-04\opt.scala
2023.07.04 00:26:01 WARN  no build target for: G:\UCSC\Year 2\Functional Programming\Assignment\Assignment4\GIt\Functional-Programming-Assignment-04\oppppt.scala
Jul 04, 2023 12:27:20 AM org.eclipse.lsp4j.jsonrpc.services.GenericEndpoint notify
INFO: Unsupported notification method: $/setTrace
